<?xml version="1.0" encoding="UTF-8"?>
<!-- Generated by org.testng.reporters.JUnitReportReporter -->
<testsuite hostname="DESKTOP-5UEBSIB" failures="0" tests="1" name="com.jupiter.testCases.TC_LoginTest_001" time="7.997" errors="0" timestamp="07 Mar 2022 22:17:13 GMT" skipped="0">
  <testcase classname="com.jupiter.testCases.TC_LoginTest_001" name="loginTest" time="7.997"/>
</testsuite> <!-- com.jupiter.testCases.TC_LoginTest_001 -->
