<?xml version="1.0" encoding="UTF-8"?>
<!-- Generated by org.testng.reporters.JUnitReportReporter -->
<testsuite hostname="DESKTOP-5UEBSIB" failures="0" tests="1" name="com.jupiter.testCases.TC_Two_002" time="19.363" errors="0" timestamp="08 Mar 2022 00:55:51 GMT" skipped="0">
  <testcase classname="com.jupiter.testCases.TC_Two_002" name="testCase02" time="19.363"/>
</testsuite> <!-- com.jupiter.testCases.TC_Two_002 -->
