<?xml version="1.0" encoding="UTF-8"?>
<!-- Generated by org.testng.reporters.JUnitReportReporter -->
<testsuite hostname="DESKTOP-5UEBSIB" failures="0" tests="1" name="com.jupiter.testCases.TC_Three_003" time="26.737" errors="0" timestamp="08 Mar 2022 00:50:15 GMT" skipped="0">
  <testcase classname="com.jupiter.testCases.TC_Three_003" name="testCase03" time="26.737"/>
</testsuite> <!-- com.jupiter.testCases.TC_Three_003 -->
