<?xml version="1.0" encoding="UTF-8"?>
<!-- Generated by org.testng.reporters.JUnitReportReporter -->
<testsuite hostname="DESKTOP-5UEBSIB" failures="0" tests="1" name="com.jupiter.testCases.TC_Four_004" time="15.382" errors="0" timestamp="08 Mar 2022 00:47:26 GMT" skipped="0">
  <testcase classname="com.jupiter.testCases.TC_Four_004" name="testCase04" time="15.382"/>
</testsuite> <!-- com.jupiter.testCases.TC_Four_004 -->
